{"msg": "", "Date": {"y": 2021, "m": 10, "d": 12, "H": 11, "M": 50, "S": 53}, "Author": {"ID": 414536963912237058, "name": "Pengu", "nick": "NEP NEP"}},
{"msg": "Jak film", "Date": {"y": 2021, "m": 10, "d": 12, "H": 13, "M": 54, "S": 8}, "Author": {"ID": 764087528227209216, "name": "kowalik", "nick": "KASIA"}},
{"msg": "", "Date": {"y": 2021, "m": 10, "d": 12, "H": 16, "M": 13, "S": 21}, "Author": {"ID": 688128017855152239, "name": "Archer", "nick": "\u0323"}},
{"msg": "007 zg\u0142o\u015b si\u0119", "Date": {"y": 2021, "m": 10, "d": 12, "H": 16, "M": 13, "S": 22}, "Author": {"ID": 688128017855152239, "name": "Archer", "nick": "\u0323"}},
{"msg": "", "Date": {"y": 2021, "m": 10, "d": 12, "H": 16, "M": 15, "S": 33}, "Author": {"ID": 414536963912237058, "name": "Pengu", "nick": "NEP NEP"}},
{"msg": "OOOO", "Date": {"y": 2021, "m": 10, "d": 12, "H": 17, "M": 27, "S": 34}, "Author": {"ID": 548150861411516425, "name": "SpruceMan", "nick": "Dw\u00f3ja minus incoming"}},
{"msg": "kurwa", "Date": {"y": 2021, "m": 10, "d": 12, "H": 17, "M": 27, "S": 34}, "Author": {"ID": 548150861411516425, "name": "SpruceMan", "nick": "Dw\u00f3ja minus incoming"}},
{"msg": "mamy matme z Butniaczk\u0105", "Date": {"y": 2021, "m": 10, "d": 12, "H": 17, "M": 27, "S": 42}, "Author": {"ID": 548150861411516425, "name": "SpruceMan", "nick": "Dw\u00f3ja minus incoming"}},
{"msg": "Japierdole", "Date": {"y": 2021, "m": 10, "d": 12, "H": 17, "M": 27, "S": 51}, "Author": {"ID": 548150861411516425, "name": "SpruceMan", "nick": "Dw\u00f3ja minus incoming"}},
{"msg": "mamma mia", "Date": {"y": 2021, "m": 10, "d": 12, "H": 18, "M": 5, "S": 51}, "Author": {"ID": 754707821307887706, "name": "Serwerownia", "nick": null}},
{"msg": "sakrable", "Date": {"y": 2021, "m": 10, "d": 12, "H": 18, "M": 5, "S": 58}, "Author": {"ID": 548150861411516425, "name": "SpruceMan", "nick": "Dw\u00f3ja minus incoming"}},
{"msg": "<@!414536963912237058>  <@!271390522294272001>", "Date": {"y": 2021, "m": 10, "d": 12, "H": 18, "M": 15, "S": 19}, "Author": {"ID": 754707821307887706, "name": "Serwerownia", "nick": null}},
{"msg": "liga?", "Date": {"y": 2021, "m": 10, "d": 12, "H": 18, "M": 15, "S": 21}, "Author": {"ID": 754707821307887706, "name": "Serwerownia", "nick": null}},
{"msg": "legend?", "Date": {"y": 2021, "m": 10, "d": 12, "H": 18, "M": 15, "S": 24}, "Author": {"ID": 754707821307887706, "name": "Serwerownia", "nick": null}},
{"msg": "<@!414536963912237058>", "Date": {"y": 2021, "m": 10, "d": 12, "H": 18, "M": 20, "S": 45}, "Author": {"ID": 754707821307887706, "name": "Serwerownia", "nick": null}},
{"msg": "mordo", "Date": {"y": 2021, "m": 10, "d": 12, "H": 18, "M": 20, "S": 47}, "Author": {"ID": 754707821307887706, "name": "Serwerownia", "nick": null}},
{"msg": "liga", "Date": {"y": 2021, "m": 10, "d": 12, "H": 18, "M": 20, "S": 51}, "Author": {"ID": 754707821307887706, "name": "Serwerownia", "nick": null}},
{"msg": "legend", "Date": {"y": 2021, "m": 10, "d": 12, "H": 18, "M": 20, "S": 52}, "Author": {"ID": 754707821307887706, "name": "Serwerownia", "nick": null}},
{"msg": "czekma", "Date": {"y": 2021, "m": 10, "d": 12, "H": 18, "M": 20, "S": 54}, "Author": {"ID": 754707821307887706, "name": "Serwerownia", "nick": null}},
{"msg": "nam ciembiem", "Date": {"y": 2021, "m": 10, "d": 12, "H": 18, "M": 20, "S": 59}, "Author": {"ID": 754707821307887706, "name": "Serwerownia", "nick": null}},
{"msg": "meh, czekamy na kogo\u015b jeszcze czy w takim sk\u0142adzie chcecie gra\u0107?", "Date": {"y": 2021, "m": 10, "d": 12, "H": 18, "M": 23, "S": 6}, "Author": {"ID": 414536963912237058, "name": "Pengu", "nick": "NEP NEP"}},
{"msg": "idk", "Date": {"y": 2021, "m": 10, "d": 12, "H": 18, "M": 23, "S": 16}, "Author": {"ID": 754707821307887706, "name": "Serwerownia", "nick": null}},
{"msg": "cumila pytaj", "Date": {"y": 2021, "m": 10, "d": 12, "H": 18, "M": 23, "S": 21}, "Author": {"ID": 754707821307887706, "name": "Serwerownia", "nick": null}},
{"msg": "btw", "Date": {"y": 2021, "m": 10, "d": 12, "H": 18, "M": 23, "S": 25}, "Author": {"ID": 754707821307887706, "name": "Serwerownia", "nick": null}},
{"msg": "zapomnialem cumil o tym xD", "Date": {"y": 2021, "m": 10, "d": 12, "H": 18, "M": 23, "S": 38}, "Author": {"ID": 754707821307887706, "name": "Serwerownia", "nick": null}},
{"msg": "", "Date": {"y": 2021, "m": 10, "d": 12, "H": 18, "M": 57, "S": 37}, "Author": {"ID": 238740633441796108, "name": "Incognitoo", "nick": null}},
{"msg": "<@!271390522294272001>", "Date": {"y": 2021, "m": 10, "d": 12, "H": 18, "M": 57, "S": 48}, "Author": {"ID": 238740633441796108, "name": "Incognitoo", "nick": null}},
{"msg": "", "Date": {"y": 2021, "m": 10, "d": 12, "H": 18, "M": 58, "S": 0}, "Author": {"ID": 414536963912237058, "name": "Pengu", "nick": "NEP NEP"}},
{"msg": "", "Date": {"y": 2021, "m": 10, "d": 12, "H": 18, "M": 58, "S": 45}, "Author": {"ID": 414536963912237058, "name": "Pengu", "nick": "NEP NEP"}},
{"msg": "", "Date": {"y": 2021, "m": 10, "d": 12, "H": 18, "M": 59, "S": 11}, "Author": {"ID": 414536963912237058, "name": "Pengu", "nick": "NEP NEP"}},
{"msg": "", "Date": {"y": 2021, "m": 10, "d": 12, "H": 18, "M": 59, "S": 33}, "Author": {"ID": 414536963912237058, "name": "Pengu", "nick": "NEP NEP"}},
{"msg": "", "Date": {"y": 2021, "m": 10, "d": 12, "H": 19, "M": 0, "S": 0}, "Author": {"ID": 414536963912237058, "name": "Pengu", "nick": "NEP NEP"}},
{"msg": "", "Date": {"y": 2021, "m": 10, "d": 12, "H": 19, "M": 0, "S": 23}, "Author": {"ID": 414536963912237058, "name": "Pengu", "nick": "NEP NEP"}},
{"msg": "", "Date": {"y": 2021, "m": 10, "d": 12, "H": 19, "M": 3, "S": 34}, "Author": {"ID": 414536963912237058, "name": "Pengu", "nick": "NEP NEP"}},
{"msg": "", "Date": {"y": 2021, "m": 10, "d": 12, "H": 19, "M": 3, "S": 56}, "Author": {"ID": 414536963912237058, "name": "Pengu", "nick": "NEP NEP"}},
{"msg": "", "Date": {"y": 2021, "m": 10, "d": 12, "H": 19, "M": 26, "S": 39}, "Author": {"ID": 414536963912237058, "name": "Pengu", "nick": "NEP NEP"}},
{"msg": "https://tenor.com/view/haha-mickael-jackson-queendugif-ahah-hehe-gif-13642339", "Date": {"y": 2021, "m": 10, "d": 12, "H": 19, "M": 36, "S": 33}, "Author": {"ID": 692071064372772925, "name": "MITSUUU", "nick": "Mitsuu"}},
{"msg": "https://www.youtube.com/watch?v=siLkbdVxntU", "Date": {"y": 2021, "m": 10, "d": 12, "H": 19, "M": 38, "S": 27}, "Author": {"ID": 692071064372772925, "name": "MITSUUU", "nick": "Mitsuu"}},
{"msg": "Checking files by steam", "Date": {"y": 2021, "m": 10, "d": 12, "H": 20, "M": 54, "S": 25}, "Author": {"ID": 238740633441796108, "name": "Incognitoo", "nick": null}},
{"msg": "", "Date": {"y": 2021, "m": 10, "d": 12, "H": 20, "M": 54, "S": 26}, "Author": {"ID": 238740633441796108, "name": "Incognitoo", "nick": null}},
{"msg": "", "Date": {"y": 2021, "m": 10, "d": 12, "H": 21, "M": 4, "S": 48}, "Author": {"ID": 414536963912237058, "name": "Pengu", "nick": "NEP NEP"}},
{"msg": "Pytanie do grupy niemieckiej my mieli\u015bmy zrobi\u0107 zadania 1-3 z 3c czy 1-6 z 3c?", "Date": {"y": 2021, "m": 10, "d": 12, "H": 22, "M": 6, "S": 21}, "Author": {"ID": 585509054751703123, "name": "lotol", "nick": "tesh shuten"}},
{"msg": "Cala strona chyba", "Date": {"y": 2021, "m": 10, "d": 12, "H": 22, "M": 33, "S": 58}, "Author": {"ID": 306060875285004288, "name": "Majsterihno", "nick": "Twoja stara central"}},
